[debug] [2020-03-13T12:38:30.985Z] ----------------------------------------------------------------------
[debug] [2020-03-13T12:38:30.987Z] Command:       C:\Program Files\nodejs\node.exe C:\Users\dimio\AppData\Roaming\npm\node_modules\firebase-tools\lib\bin\firebase.js deploy
[debug] [2020-03-13T12:38:30.987Z] CLI Version:   7.14.0
[debug] [2020-03-13T12:38:30.988Z] Platform:      win32
[debug] [2020-03-13T12:38:30.988Z] Node Version:  v12.15.0
[debug] [2020-03-13T12:38:30.989Z] Time:          Fri Mar 13 2020 08:38:30 GMT-0400 (GMT-04:00)
[debug] [2020-03-13T12:38:30.989Z] ----------------------------------------------------------------------
[debug] [2020-03-13T12:38:30.989Z] 
[debug] [2020-03-13T12:38:31.009Z] > command requires scopes: ["email","openid","https://www.googleapis.com/auth/cloudplatformprojects.readonly","https://www.googleapis.com/auth/firebase","https://www.googleapis.com/auth/cloud-platform"]
[debug] [2020-03-13T12:38:31.010Z] > authorizing via signed-in user
[debug] [2020-03-13T12:38:31.011Z] [iam] checking project aki-credit-test for permissions ["firebase.projects.get","firebasehosting.sites.update"]
[debug] [2020-03-13T12:38:31.014Z] > refreshing access token with scopes: ["email","https://www.googleapis.com/auth/cloud-platform","https://www.googleapis.com/auth/cloudplatformprojects.readonly","https://www.googleapis.com/auth/firebase","openid"]
[debug] [2020-03-13T12:38:31.015Z] >>> HTTP REQUEST POST https://www.googleapis.com/oauth2/v3/token  
 <request body omitted>
[debug] [2020-03-13T12:38:31.316Z] <<< HTTP RESPONSE 200
[debug] [2020-03-13T12:38:31.325Z] >>> HTTP REQUEST POST https://cloudresourcemanager.googleapis.com/v1/projects/aki-credit-test:testIamPermissions  

[debug] [2020-03-13T12:38:36.046Z] <<< HTTP RESPONSE 200
[debug] [2020-03-13T12:38:36.048Z] >>> HTTP REQUEST GET https://firebase.googleapis.com/v1beta1/projects/aki-credit-test  
 
[debug] [2020-03-13T12:38:40.228Z] <<< HTTP RESPONSE 200
[info] 
[info] === Deploying to 'aki-credit-test'...
[info] 
[info] i  deploying hosting
[debug] [2020-03-13T12:38:40.237Z] >>> HTTP REQUEST POST https://firebasehosting.googleapis.com/v1beta1/sites/aki-credit-test/versions  

